<?xml version="1.0" encoding="UTF-8"?>
<testsuite xmlns:xsi="http://www.w3.org/2001/XMLSchema-instance" xsi:noNamespaceSchemaLocation="https://maven.apache.org/surefire/maven-surefire-plugin/xsd/surefire-test-report-3.0.xsd" version="3.0" name="com.minsat.air.xml.XmlBuilderTest" time="0.095" tests="7" errors="0" skipped="0" failures="1">
  <properties>
[...]
</properties>
  <testcase name="buildsBasicRequest" classname="com.minsat.air.xml.XmlBuilderTest" time="0.077">
    <failure message="&#10;Expecting actual:&#10;  &quot;&lt;?xml version=&quot;1.0&quot;?&gt;&#10;&lt;methodCall&gt;&#10;  &lt;methodName&gt;GetBalanceAndDate&lt;/methodName&gt;&#10;  &lt;params&gt;&#10;    &lt;param&gt;&#10;      &lt;value&gt;&#10;        &lt;struct&gt;&#10;          &lt;member&gt;&lt;name&gt;originNodeType&lt;/name&gt;&lt;value&gt;&lt;string&gt;EXT&lt;/string&gt;&lt;/value&gt;&lt;/member&gt;&#10;          &lt;member&gt;&lt;name&gt;originHostName&lt;/name&gt;&lt;value&gt;&lt;string&gt;minsat&lt;/string&gt;&lt;/value&gt;&lt;/member&gt;&#10;          &lt;member&gt;&lt;name&gt;originTransactionID&lt;/name&gt;&lt;value&gt;&lt;string&gt;bbf6f10d-c264-40e1-a139-de56479a2fe8&lt;/string&gt;&lt;/value&gt;&lt;/member&gt;&#10;          &lt;member&gt;&lt;name&gt;originTimeStamp&lt;/name&gt;&lt;value&gt;&lt;dateTime.iso8601&gt;20260309T090149+0000&lt;/dateTime.iso8601&gt;&lt;/value&gt;&lt;/member&gt;&#10;          &lt;member&gt;&lt;name&gt;subscriberNumber&lt;/name&gt;&lt;value&gt;&lt;string&gt;21369000001&lt;/string&gt;&lt;/value&gt;&lt;/member&gt;&#10;        &lt;/struct&gt;&#10;      &lt;/value&gt;&#10;    &lt;/param&gt;&#10;  &lt;/params&gt;&#10;&lt;/methodCall&gt;&quot;&#10;to contain:&#10;  &quot;&lt;n&gt;subscriberNumber&lt;/n&gt;&quot; " type="java.lang.AssertionError"><![CDATA[java.lang.AssertionError: 

Expecting actual:
  "<?xml version="1.0"?>
<methodCall>
  <methodName>GetBalanceAndDate</methodName>
  <params>
    <param>
      <value>
        <struct>
          <member><name>originNodeType</name><value><string>EXT</string></value></member>
          <member><name>originHostName</name><value><string>minsat</string></value></member>
          <member><name>originTransactionID</name><value><string>bbf6f10d-c264-40e1-a139-de56479a2fe8</string></value></member>
          <member><name>originTimeStamp</name><value><dateTime.iso8601>20260309T090149+0000</dateTime.iso8601></value></member>
          <member><name>subscriberNumber</name><value><string>21369000001</string></value></member>
        </struct>
      </value>
    </param>
  </params>
</methodCall>"
to contain:
  "<n>subscriberNumber</n>" 
	at com.minsat.air.xml.XmlBuilderTest.buildsBasicRequest(XmlBuilderTest.java:32)
	at java.base/java.lang.reflect.Method.invoke(Method.java:580)
	at java.base/java.util.ArrayList.forEach(ArrayList.java:1596)
	at java.base/java.util.ArrayList.forEach(ArrayList.java:1596)
]]></failure>
  </testcase>
  <testcase name="escapesXmlSpecialChars" classname="com.minsat.air.xml.XmlBuilderTest" time="0.0"/>
  <testcase name="mapsBooleansCorrectly" classname="com.minsat.air.xml.XmlBuilderTest" time="0.0"/>
  <testcase name="mapsIntegersCorrectly" classname="com.minsat.air.xml.XmlBuilderTest" time="0.0"/>
  <testcase name="mapsFalseBooleansCorrectly" classname="com.minsat.air.xml.XmlBuilderTest" time="0.0"/>
  <testcase name="detectsAirDateFormat" classname="com.minsat.air.xml.XmlBuilderTest" time="0.0"/>
  <testcase name="mapsArraysCorrectly" classname="com.minsat.air.xml.XmlBuilderTest" time="0.005"/>
</testsuite>